Build started 12/7/2014 4:42:35 PM.
     1>Project "c:\Users\kwinslow16\documents\visual studio 2012\Projects\Proj2\Proj2\Proj2.vcxproj" on node 2 (Build target(s)).
     1>ClCompile:
         C:\Program Files (x86)\Microsoft Visual Studio 11.0\VC\bin\CL.exe /c /ZI /nologo /W3 /WX- /Od /Oy- /D WIN32 /D _DEBUG /D _CONSOLE /D _UNICODE /D UNICODE /Gm /EHsc /RTC1 /MDd /GS /fp:precise /Zc:wchar_t /Zc:forScope /Fo"Debug\\" /Fd"Debug\vc110.pdb" /Gd /TP /analyze- /errorReport:prompt Source.cpp
         Source.cpp
     1>c:\users\kwinslow16\documents\visual studio 2012\projects\proj2\proj2\source.cpp(213): error C2360: initialization of 'newBoard' is skipped by 'case' label
                 c:\users\kwinslow16\documents\visual studio 2012\projects\proj2\proj2\source.cpp(205) : see declaration of 'newBoard'
     1>c:\users\kwinslow16\documents\visual studio 2012\projects\proj2\proj2\source.cpp(217): error C2361: initialization of 'newBoard' is skipped by 'default' label
                 c:\users\kwinslow16\documents\visual studio 2012\projects\proj2\proj2\source.cpp(205) : see declaration of 'newBoard'
     1>c:\users\kwinslow16\documents\visual studio 2012\projects\proj2\proj2\source.cpp(516): error C2679: binary '<<' : no operator found which takes a right-hand operand of type 'std::string' (or there is no acceptable conversion)
                 c:\program files (x86)\microsoft visual studio 11.0\vc\include\ostream(695): could be 'std::basic_ostream<_Elem,_Traits> &std::operator <<<char,std::char_traits<char>>(std::basic_ostream<_Elem,_Traits> &,const char *)'
                 with
                 [
                     _Elem=char,
                     _Traits=std::char_traits<char>
                 ]
                 c:\program files (x86)\microsoft visual studio 11.0\vc\include\ostream(742): or       'std::basic_ostream<_Elem,_Traits> &std::operator <<<char,std::char_traits<char>>(std::basic_ostream<_Elem,_Traits> &,char)'
                 with
                 [
                     _Elem=char,
                     _Traits=std::char_traits<char>
                 ]
                 c:\program files (x86)\microsoft visual studio 11.0\vc\include\ostream(780): or       'std::basic_ostream<_Elem,_Traits> &std::operator <<<std::char_traits<char>>(std::basic_ostream<_Elem,_Traits> &,const char *)'
                 with
                 [
                     _Elem=char,
                     _Traits=std::char_traits<char>
                 ]
                 c:\program files (x86)\microsoft visual studio 11.0\vc\include\ostream(827): or       'std::basic_ostream<_Elem,_Traits> &std::operator <<<std::char_traits<char>>(std::basic_ostream<_Elem,_Traits> &,char)'
                 with
                 [
                     _Elem=char,
                     _Traits=std::char_traits<char>
                 ]
                 c:\program files (x86)\microsoft visual studio 11.0\vc\include\ostream(953): or       'std::basic_ostream<_Elem,_Traits> &std::operator <<<std::char_traits<char>>(std::basic_ostream<_Elem,_Traits> &,const signed char *)'
                 with
                 [
                     _Elem=char,
                     _Traits=std::char_traits<char>
                 ]
                 c:\program files (x86)\microsoft visual studio 11.0\vc\include\ostream(960): or       'std::basic_ostream<_Elem,_Traits> &std::operator <<<std::char_traits<char>>(std::basic_ostream<_Elem,_Traits> &,signed char)'
                 with
                 [
                     _Elem=char,
                     _Traits=std::char_traits<char>
                 ]
                 c:\program files (x86)\microsoft visual studio 11.0\vc\include\ostream(967): or       'std::basic_ostream<_Elem,_Traits> &std::operator <<<std::char_traits<char>>(std::basic_ostream<_Elem,_Traits> &,const unsigned char *)'
                 with
                 [
                     _Elem=char,
                     _Traits=std::char_traits<char>
                 ]
                 c:\program files (x86)\microsoft visual studio 11.0\vc\include\ostream(974): or       'std::basic_ostream<_Elem,_Traits> &std::operator <<<std::char_traits<char>>(std::basic_ostream<_Elem,_Traits> &,unsigned char)'
                 with
                 [
                     _Elem=char,
                     _Traits=std::char_traits<char>
                 ]
                 c:\program files (x86)\microsoft visual studio 11.0\vc\include\ostream(984): or       'std::basic_ostream<_Elem,_Traits> &std::operator <<<char,std::char_traits<char>,std::string>(std::basic_ostream<_Elem,_Traits> &&,const _Ty &)'
                 with
                 [
                     _Elem=char,
                     _Traits=std::char_traits<char>,
                     _Ty=std::string
                 ]
                 c:\program files (x86)\microsoft visual studio 11.0\vc\include\ostream(1101): or       'std::basic_ostream<_Elem,_Traits> &std::operator <<<char,std::char_traits<char>>(std::basic_ostream<_Elem,_Traits> &,const std::error_code &)'
                 with
                 [
                     _Elem=char,
                     _Traits=std::char_traits<char>
                 ]
                 c:\program files (x86)\microsoft visual studio 11.0\vc\include\ostream(201): or       'std::basic_ostream<_Elem,_Traits> &std::basic_ostream<_Elem,_Traits>::operator <<(std::basic_ostream<_Elem,_Traits> &(__cdecl *)(std::basic_ostream<_Elem,_Traits> &))'
                 with
                 [
                     _Elem=char,
                     _Traits=std::char_traits<char>
                 ]
                 c:\program files (x86)\microsoft visual studio 11.0\vc\include\ostream(207): or       'std::basic_ostream<_Elem,_Traits> &std::basic_ostream<_Elem,_Traits>::operator <<(std::basic_ios<_Elem,_Traits> &(__cdecl *)(std::basic_ios<_Elem,_Traits> &))'
                 with
                 [
                     _Elem=char,
                     _Traits=std::char_traits<char>
                 ]
                 c:\program files (x86)\microsoft visual studio 11.0\vc\include\ostream(214): or       'std::basic_ostream<_Elem,_Traits> &std::basic_ostream<_Elem,_Traits>::operator <<(std::ios_base &(__cdecl *)(std::ios_base &))'
                 with
                 [
                     _Elem=char,
                     _Traits=std::char_traits<char>
                 ]
                 c:\program files (x86)\microsoft visual studio 11.0\vc\include\ostream(221): or       'std::basic_ostream<_Elem,_Traits> &std::basic_ostream<_Elem,_Traits>::operator <<(std::_Bool)'
                 with
                 [
                     _Elem=char,
                     _Traits=std::char_traits<char>
                 ]
                 c:\program files (x86)\microsoft visual studio 11.0\vc\include\ostream(241): or       'std::basic_ostream<_Elem,_Traits> &std::basic_ostream<_Elem,_Traits>::operator <<(short)'
                 with
                 [
                     _Elem=char,
                     _Traits=std::char_traits<char>
                 ]
                 c:\program files (x86)\microsoft visual studio 11.0\vc\include\ostream(275): or       'std::basic_ostream<_Elem,_Traits> &std::basic_ostream<_Elem,_Traits>::operator <<(unsigned short)'
                 with
                 [
                     _Elem=char,
                     _Traits=std::char_traits<char>
                 ]
                 c:\program files (x86)\microsoft visual studio 11.0\vc\include\ostream(295): or       'std::basic_ostream<_Elem,_Traits> &std::basic_ostream<_Elem,_Traits>::operator <<(int)'
                 with
                 [
                     _Elem=char,
                     _Traits=std::char_traits<char>
                 ]
                 c:\program files (x86)\microsoft visual studio 11.0\vc\include\ostream(320): or       'std::basic_ostream<_Elem,_Traits> &std::basic_ostream<_Elem,_Traits>::operator <<(unsigned int)'
                 with
                 [
                     _Elem=char,
                     _Traits=std::char_traits<char>
                 ]
                 c:\program files (x86)\microsoft visual studio 11.0\vc\include\ostream(340): or       'std::basic_ostream<_Elem,_Traits> &std::basic_ostream<_Elem,_Traits>::operator <<(long)'
                 with
                 [
                     _Elem=char,
                     _Traits=std::char_traits<char>
                 ]
                 c:\program files (x86)\microsoft visual studio 11.0\vc\include\ostream(360): or       'std::basic_ostream<_Elem,_Traits> &std::basic_ostream<_Elem,_Traits>::operator <<(unsigned long)'
                 with
                 [
                     _Elem=char,
                     _Traits=std::char_traits<char>
                 ]
                 c:\program files (x86)\microsoft visual studio 11.0\vc\include\ostream(381): or       'std::basic_ostream<_Elem,_Traits> &std::basic_ostream<_Elem,_Traits>::operator <<(__int64)'
                 with
                 [
                     _Elem=char,
                     _Traits=std::char_traits<char>
                 ]
                 c:\program files (x86)\microsoft visual studio 11.0\vc\include\ostream(401): or       'std::basic_ostream<_Elem,_Traits> &std::basic_ostream<_Elem,_Traits>::operator <<(unsigned __int64)'
                 with
                 [
                     _Elem=char,
                     _Traits=std::char_traits<char>
                 ]
                 c:\program files (x86)\microsoft visual studio 11.0\vc\include\ostream(422): or       'std::basic_ostream<_Elem,_Traits> &std::basic_ostream<_Elem,_Traits>::operator <<(float)'
                 with
                 [
                     _Elem=char,
                     _Traits=std::char_traits<char>
                 ]
                 c:\program files (x86)\microsoft visual studio 11.0\vc\include\ostream(442): or       'std::basic_ostream<_Elem,_Traits> &std::basic_ostream<_Elem,_Traits>::operator <<(double)'
                 with
                 [
                     _Elem=char,
                     _Traits=std::char_traits<char>
                 ]
                 c:\program files (x86)\microsoft visual studio 11.0\vc\include\ostream(462): or       'std::basic_ostream<_Elem,_Traits> &std::basic_ostream<_Elem,_Traits>::operator <<(long double)'
                 with
                 [
                     _Elem=char,
                     _Traits=std::char_traits<char>
                 ]
                 c:\program files (x86)\microsoft visual studio 11.0\vc\include\ostream(482): or       'std::basic_ostream<_Elem,_Traits> &std::basic_ostream<_Elem,_Traits>::operator <<(const void *)'
                 with
                 [
                     _Elem=char,
                     _Traits=std::char_traits<char>
                 ]
                 c:\program files (x86)\microsoft visual studio 11.0\vc\include\ostream(502): or       'std::basic_ostream<_Elem,_Traits> &std::basic_ostream<_Elem,_Traits>::operator <<(std::basic_streambuf<_Elem,_Traits> *)'
                 with
                 [
                     _Elem=char,
                     _Traits=std::char_traits<char>
                 ]
                 while trying to match the argument list '(std::ostream, std::string)'
     1>c:\users\kwinslow16\documents\visual studio 2012\projects\proj2\proj2\source.cpp(646): error C3861: 'clock': identifier not found
     1>c:\users\kwinslow16\documents\visual studio 2012\projects\proj2\proj2\source.cpp(748): error C3861: 'clock': identifier not found
     1>Done Building Project "c:\Users\kwinslow16\documents\visual studio 2012\Projects\Proj2\Proj2\Proj2.vcxproj" (Build target(s)) -- FAILED.

Build FAILED.

Time Elapsed 00:00:01.18
